2023-09-03 22:14:55,537:INFO:PyCaret Supervised Module
2023-09-03 22:14:55,538:INFO:ML Usecase: regression
2023-09-03 22:14:55,538:INFO:version 2.2.3
2023-09-03 22:14:55,538:INFO:Initializing setup()
2023-09-03 22:14:55,538:INFO:setup(target=rain_1h, ml_usecase=regression, available_plots={'parameter': 'Hyperparameters', 'residuals': 'Residuals', 'error': 'Prediction Error', 'cooks': 'Cooks Distance', 'rfe': 'Feature Selection', 'learning': 'Learning Curve', 'manifold': 'Manifold Learning', 'vc': 'Validation Curve', 'feature': 'Feature Importance', 'feature_all': 'Feature Importance (All)', 'tree': 'Decision Tree'}, train_size=0.7, test_data=None, preprocess=True, imputation_type=simple, iterative_imputation_iters=5, categorical_features=None, categorical_imputation=constant, categorical_iterative_imputer=lightgbm, ordinal_features=None, high_cardinality_features=None, high_cardinality_method=frequency, numeric_features=None, numeric_imputation=mean, numeric_iterative_imputer=lightgbm, date_features=None, ignore_features=None, normalize=False, normalize_method=zscore, transformation=False, transformation_method=yeo-johnson, handle_unknown_categorical=True, unknown_categorical_method=least_frequent, pca=False, pca_method=linear, pca_components=None, ignore_low_variance=False, combine_rare_levels=False, rare_level_threshold=0.1, bin_numeric_features=None, remove_outliers=False, outliers_threshold=0.05, remove_multicollinearity=False, multicollinearity_threshold=0.9, remove_perfect_collinearity=True, create_clusters=False, cluster_iter=20, polynomial_features=False, polynomial_degree=2, trigonometry_features=False, polynomial_threshold=0.1, group_features=None, group_names=None, feature_selection=False, feature_selection_threshold=0.8, feature_selection_method=classic, feature_interaction=False, feature_ratio=False, interaction_threshold=0.01, fix_imbalance=False, fix_imbalance_method=None, transform_target=False, transform_target_method=box-cox, data_split_shuffle=True, data_split_stratify=False, fold_strategy=kfold, fold=10, fold_shuffle=False, fold_groups=None, n_jobs=-1, use_gpu=False, custom_pipeline=None, html=True, session_id=None, log_experiment=False, experiment_name=None, log_plots=False, log_profile=False, log_data=False, silent=False, verbose=True, profile=False, profile_kwargs=None, display=None)
2023-09-03 22:14:55,538:INFO:Checking environment
2023-09-03 22:14:55,539:INFO:python_version: 3.9.7
2023-09-03 22:14:55,539:INFO:python_build: ('default', 'Sep 16 2021 16:59:28')
2023-09-03 22:14:55,539:INFO:machine: AMD64
2023-09-03 22:14:55,539:INFO:platform: Windows-10-10.0.22621-SP0
2023-09-03 22:14:55,539:INFO:Memory: svmem(total=16867250176, available=4238159872, percent=74.9, used=12629090304, free=4238159872)
2023-09-03 22:14:55,539:INFO:Physical Core: 4
2023-09-03 22:14:55,539:INFO:Logical Core: 8
2023-09-03 22:14:55,539:INFO:Checking libraries
2023-09-03 22:14:55,539:INFO:pd==1.3.4
2023-09-03 22:14:55,539:INFO:numpy==1.20.3
2023-09-03 22:14:55,539:INFO:sklearn==0.24.2
2023-09-03 22:14:55,704:INFO:xgboost==1.7.3
2023-09-03 22:14:55,704:INFO:lightgbm==3.2.1
2023-09-03 22:14:56,176:INFO:catboost==1.0.5
2023-09-03 22:14:57,467:INFO:mlflow==1.30.0
2023-09-03 22:14:57,467:INFO:Checking Exceptions
2023-09-03 22:14:57,468:INFO:Declaring global variables
2023-09-03 22:14:57,468:INFO:USI: ca7c
2023-09-03 22:14:57,468:INFO:pycaret_globals: {'experiment__', 'html_param', '_all_models_internal', 'seed', 'exp_name_log', 'fold_generator', '_available_plots', 'X', 'gpu_param', 'fold_param', 'X_train', '_ml_usecase', 'transform_target_param', 'imputation_regressor', 'y', 'fold_groups_param', 'fold_shuffle_param', 'y_train', 'create_model_container', 'n_jobs_param', 'target_param', 'display_container', 'iterative_imputation_iters_param', '_all_models', 'transform_target_method_param', '_internal_pipeline', 'imputation_classifier', 'USI', '_all_metrics', 'pycaret_globals', 'fix_imbalance_param', 'stratify_param', 'logging_param', 'X_test', '_gpu_n_jobs_param', 'y_test', 'prep_pipe', 'log_plots_param', 'master_model_container', 'data_before_preprocess', 'fix_imbalance_method_param'}
2023-09-03 22:14:57,468:INFO:Preparing display monitor
2023-09-03 22:14:57,468:INFO:Preparing display monitor
2023-09-03 22:14:57,486:INFO:Importing libraries
2023-09-03 22:14:57,486:INFO:Copying data for preprocessing
2023-09-03 22:14:57,531:INFO:Declaring preprocessing parameters
2023-09-03 22:14:57,652:INFO:Creating preprocessing pipeline
2023-09-03 22:14:58,286:INFO:Preprocessing pipeline created successfully
2023-09-03 22:14:58,287:ERROR:(Process Exit): setup has been interupted with user command 'quit'. setup must rerun.
2023-09-03 22:14:58,287:INFO:Creating global containers
2023-09-03 22:15:41,819:INFO:PyCaret Supervised Module
2023-09-03 22:15:41,820:INFO:ML Usecase: regression
2023-09-03 22:15:41,820:INFO:version 2.2.3
2023-09-03 22:15:41,820:INFO:Initializing setup()
2023-09-03 22:15:41,821:INFO:setup(target=rain_1h, ml_usecase=regression, available_plots={'parameter': 'Hyperparameters', 'residuals': 'Residuals', 'error': 'Prediction Error', 'cooks': 'Cooks Distance', 'rfe': 'Feature Selection', 'learning': 'Learning Curve', 'manifold': 'Manifold Learning', 'vc': 'Validation Curve', 'feature': 'Feature Importance', 'feature_all': 'Feature Importance (All)', 'tree': 'Decision Tree'}, train_size=0.7, test_data=None, preprocess=True, imputation_type=simple, iterative_imputation_iters=5, categorical_features=None, categorical_imputation=constant, categorical_iterative_imputer=lightgbm, ordinal_features=None, high_cardinality_features=None, high_cardinality_method=frequency, numeric_features=None, numeric_imputation=mean, numeric_iterative_imputer=lightgbm, date_features=None, ignore_features=None, normalize=False, normalize_method=zscore, transformation=False, transformation_method=yeo-johnson, handle_unknown_categorical=True, unknown_categorical_method=least_frequent, pca=False, pca_method=linear, pca_components=None, ignore_low_variance=False, combine_rare_levels=False, rare_level_threshold=0.1, bin_numeric_features=None, remove_outliers=False, outliers_threshold=0.05, remove_multicollinearity=False, multicollinearity_threshold=0.9, remove_perfect_collinearity=True, create_clusters=False, cluster_iter=20, polynomial_features=False, polynomial_degree=2, trigonometry_features=False, polynomial_threshold=0.1, group_features=None, group_names=None, feature_selection=False, feature_selection_threshold=0.8, feature_selection_method=classic, feature_interaction=False, feature_ratio=False, interaction_threshold=0.01, fix_imbalance=False, fix_imbalance_method=None, transform_target=False, transform_target_method=box-cox, data_split_shuffle=True, data_split_stratify=False, fold_strategy=kfold, fold=10, fold_shuffle=False, fold_groups=None, n_jobs=-1, use_gpu=False, custom_pipeline=None, html=True, session_id=None, log_experiment=False, experiment_name=None, log_plots=False, log_profile=False, log_data=False, silent=False, verbose=True, profile=False, profile_kwargs=None, display=None)
2023-09-03 22:15:41,821:INFO:Checking environment
2023-09-03 22:15:41,821:INFO:python_version: 3.9.7
2023-09-03 22:15:41,821:INFO:python_build: ('default', 'Sep 16 2021 16:59:28')
2023-09-03 22:15:41,821:INFO:machine: AMD64
2023-09-03 22:15:41,821:INFO:platform: Windows-10-10.0.22621-SP0
2023-09-03 22:15:41,821:INFO:Memory: svmem(total=16867250176, available=4439302144, percent=73.7, used=12427948032, free=4439302144)
2023-09-03 22:15:41,821:INFO:Physical Core: 4
2023-09-03 22:15:41,821:INFO:Logical Core: 8
2023-09-03 22:15:41,821:INFO:Checking libraries
2023-09-03 22:15:41,821:INFO:pd==1.3.4
2023-09-03 22:15:41,821:INFO:numpy==1.20.3
2023-09-03 22:15:41,821:INFO:sklearn==0.24.2
2023-09-03 22:15:41,821:INFO:xgboost==1.7.3
2023-09-03 22:15:41,821:INFO:lightgbm==3.2.1
2023-09-03 22:15:41,822:INFO:catboost==1.0.5
2023-09-03 22:15:41,822:INFO:mlflow==1.30.0
2023-09-03 22:15:41,822:INFO:Checking Exceptions
2023-09-03 22:15:41,822:INFO:Declaring global variables
2023-09-03 22:15:41,822:INFO:USI: c48d
2023-09-03 22:15:41,822:INFO:pycaret_globals: {'experiment__', 'html_param', '_all_models_internal', 'seed', 'exp_name_log', 'fold_generator', '_available_plots', 'X', 'gpu_param', 'fold_param', 'X_train', '_ml_usecase', 'transform_target_param', 'imputation_regressor', 'y', 'fold_groups_param', 'fold_shuffle_param', 'y_train', 'create_model_container', 'n_jobs_param', 'target_param', 'display_container', 'iterative_imputation_iters_param', '_all_models', 'transform_target_method_param', '_internal_pipeline', 'imputation_classifier', 'USI', '_all_metrics', 'pycaret_globals', 'fix_imbalance_param', 'stratify_param', 'logging_param', 'X_test', '_gpu_n_jobs_param', 'y_test', 'prep_pipe', 'log_plots_param', 'master_model_container', 'data_before_preprocess', 'fix_imbalance_method_param'}
2023-09-03 22:15:41,822:INFO:Preparing display monitor
2023-09-03 22:15:41,822:INFO:Preparing display monitor
2023-09-03 22:15:41,836:INFO:Importing libraries
2023-09-03 22:15:41,836:INFO:Copying data for preprocessing
2023-09-03 22:15:41,872:INFO:Declaring preprocessing parameters
2023-09-03 22:15:41,930:INFO:Creating preprocessing pipeline
2023-09-03 22:15:42,525:INFO:Preprocessing pipeline created successfully
2023-09-03 22:15:42,525:ERROR:(Process Exit): setup has been interupted with user command 'quit'. setup must rerun.
2023-09-03 22:15:42,525:INFO:Creating global containers
2023-09-03 22:17:18,594:INFO:PyCaret Supervised Module
2023-09-03 22:17:18,594:INFO:ML Usecase: regression
2023-09-03 22:17:18,594:INFO:version 2.2.3
2023-09-03 22:17:18,594:INFO:Initializing setup()
2023-09-03 22:17:18,596:INFO:setup(target=rain_1h, ml_usecase=regression, available_plots={'parameter': 'Hyperparameters', 'residuals': 'Residuals', 'error': 'Prediction Error', 'cooks': 'Cooks Distance', 'rfe': 'Feature Selection', 'learning': 'Learning Curve', 'manifold': 'Manifold Learning', 'vc': 'Validation Curve', 'feature': 'Feature Importance', 'feature_all': 'Feature Importance (All)', 'tree': 'Decision Tree'}, train_size=0.7, test_data=None, preprocess=True, imputation_type=simple, iterative_imputation_iters=5, categorical_features=None, categorical_imputation=constant, categorical_iterative_imputer=lightgbm, ordinal_features=None, high_cardinality_features=None, high_cardinality_method=frequency, numeric_features=None, numeric_imputation=mean, numeric_iterative_imputer=lightgbm, date_features=None, ignore_features=None, normalize=False, normalize_method=zscore, transformation=False, transformation_method=yeo-johnson, handle_unknown_categorical=True, unknown_categorical_method=least_frequent, pca=False, pca_method=linear, pca_components=None, ignore_low_variance=False, combine_rare_levels=False, rare_level_threshold=0.1, bin_numeric_features=None, remove_outliers=False, outliers_threshold=0.05, remove_multicollinearity=False, multicollinearity_threshold=0.9, remove_perfect_collinearity=True, create_clusters=False, cluster_iter=20, polynomial_features=False, polynomial_degree=2, trigonometry_features=False, polynomial_threshold=0.1, group_features=None, group_names=None, feature_selection=False, feature_selection_threshold=0.8, feature_selection_method=classic, feature_interaction=False, feature_ratio=False, interaction_threshold=0.01, fix_imbalance=False, fix_imbalance_method=None, transform_target=False, transform_target_method=box-cox, data_split_shuffle=True, data_split_stratify=False, fold_strategy=kfold, fold=10, fold_shuffle=False, fold_groups=None, n_jobs=-1, use_gpu=False, custom_pipeline=None, html=True, session_id=None, log_experiment=False, experiment_name=None, log_plots=False, log_profile=False, log_data=False, silent=False, verbose=True, profile=False, profile_kwargs=None, display=None)
2023-09-03 22:17:18,596:INFO:Checking environment
2023-09-03 22:17:18,596:INFO:python_version: 3.9.7
2023-09-03 22:17:18,596:INFO:python_build: ('default', 'Sep 16 2021 16:59:28')
2023-09-03 22:17:18,596:INFO:machine: AMD64
2023-09-03 22:17:18,596:INFO:platform: Windows-10-10.0.22621-SP0
2023-09-03 22:17:18,596:INFO:Memory: svmem(total=16867250176, available=4253818880, percent=74.8, used=12613431296, free=4253818880)
2023-09-03 22:17:18,596:INFO:Physical Core: 4
2023-09-03 22:17:18,596:INFO:Logical Core: 8
2023-09-03 22:17:18,596:INFO:Checking libraries
2023-09-03 22:17:18,597:INFO:pd==1.3.4
2023-09-03 22:17:18,597:INFO:numpy==1.20.3
2023-09-03 22:17:18,597:INFO:sklearn==0.24.2
2023-09-03 22:17:18,597:INFO:xgboost==1.7.3
2023-09-03 22:17:18,597:INFO:lightgbm==3.2.1
2023-09-03 22:17:18,597:INFO:catboost==1.0.5
2023-09-03 22:17:18,597:INFO:mlflow==1.30.0
2023-09-03 22:17:18,597:INFO:Checking Exceptions
2023-09-03 22:17:18,598:INFO:Declaring global variables
2023-09-03 22:17:18,598:INFO:USI: 44f3
2023-09-03 22:17:18,598:INFO:pycaret_globals: {'experiment__', 'html_param', '_all_models_internal', 'seed', 'exp_name_log', 'fold_generator', '_available_plots', 'X', 'gpu_param', 'fold_param', 'X_train', '_ml_usecase', 'transform_target_param', 'imputation_regressor', 'y', 'fold_groups_param', 'fold_shuffle_param', 'y_train', 'create_model_container', 'n_jobs_param', 'target_param', 'display_container', 'iterative_imputation_iters_param', '_all_models', 'transform_target_method_param', '_internal_pipeline', 'imputation_classifier', 'USI', '_all_metrics', 'pycaret_globals', 'fix_imbalance_param', 'stratify_param', 'logging_param', 'X_test', '_gpu_n_jobs_param', 'y_test', 'prep_pipe', 'log_plots_param', 'master_model_container', 'data_before_preprocess', 'fix_imbalance_method_param'}
2023-09-03 22:17:18,598:INFO:Preparing display monitor
2023-09-03 22:17:18,598:INFO:Preparing display monitor
2023-09-03 22:17:18,626:INFO:Importing libraries
2023-09-03 22:17:18,627:INFO:Copying data for preprocessing
2023-09-03 22:17:18,654:INFO:Declaring preprocessing parameters
2023-09-03 22:17:18,718:INFO:Creating preprocessing pipeline
2023-09-03 22:17:19,244:INFO:Preprocessing pipeline created successfully
2023-09-03 22:17:19,244:ERROR:(Process Exit): setup has been interupted with user command 'quit'. setup must rerun.
2023-09-03 22:17:19,245:INFO:Creating global containers
2023-09-03 22:23:59,628:INFO:PyCaret Supervised Module
2023-09-03 22:23:59,628:INFO:ML Usecase: regression
2023-09-03 22:23:59,629:INFO:version 2.2.3
2023-09-03 22:23:59,629:INFO:Initializing setup()
2023-09-03 22:23:59,629:INFO:setup(target=rain_1h, ml_usecase=regression, available_plots={'parameter': 'Hyperparameters', 'residuals': 'Residuals', 'error': 'Prediction Error', 'cooks': 'Cooks Distance', 'rfe': 'Feature Selection', 'learning': 'Learning Curve', 'manifold': 'Manifold Learning', 'vc': 'Validation Curve', 'feature': 'Feature Importance', 'feature_all': 'Feature Importance (All)', 'tree': 'Decision Tree'}, train_size=0.7, test_data=None, preprocess=True, imputation_type=simple, iterative_imputation_iters=5, categorical_features=None, categorical_imputation=constant, categorical_iterative_imputer=lightgbm, ordinal_features=None, high_cardinality_features=None, high_cardinality_method=frequency, numeric_features=None, numeric_imputation=mean, numeric_iterative_imputer=lightgbm, date_features=None, ignore_features=None, normalize=False, normalize_method=zscore, transformation=False, transformation_method=yeo-johnson, handle_unknown_categorical=True, unknown_categorical_method=least_frequent, pca=False, pca_method=linear, pca_components=None, ignore_low_variance=False, combine_rare_levels=False, rare_level_threshold=0.1, bin_numeric_features=None, remove_outliers=False, outliers_threshold=0.05, remove_multicollinearity=False, multicollinearity_threshold=0.9, remove_perfect_collinearity=True, create_clusters=False, cluster_iter=20, polynomial_features=False, polynomial_degree=2, trigonometry_features=False, polynomial_threshold=0.1, group_features=None, group_names=None, feature_selection=False, feature_selection_threshold=0.8, feature_selection_method=classic, feature_interaction=False, feature_ratio=False, interaction_threshold=0.01, fix_imbalance=False, fix_imbalance_method=None, transform_target=False, transform_target_method=box-cox, data_split_shuffle=True, data_split_stratify=False, fold_strategy=kfold, fold=10, fold_shuffle=False, fold_groups=None, n_jobs=-1, use_gpu=False, custom_pipeline=None, html=True, session_id=None, log_experiment=False, experiment_name=None, log_plots=False, log_profile=False, log_data=False, silent=False, verbose=True, profile=False, profile_kwargs=None, display=None)
2023-09-03 22:23:59,629:INFO:Checking environment
2023-09-03 22:23:59,629:INFO:python_version: 3.9.7
2023-09-03 22:23:59,630:INFO:python_build: ('default', 'Sep 16 2021 16:59:28')
2023-09-03 22:23:59,630:INFO:machine: AMD64
2023-09-03 22:23:59,630:INFO:platform: Windows-10-10.0.22621-SP0
2023-09-03 22:23:59,630:INFO:Memory: svmem(total=16867250176, available=3631562752, percent=78.5, used=13235687424, free=3631562752)
2023-09-03 22:23:59,630:INFO:Physical Core: 4
2023-09-03 22:23:59,630:INFO:Logical Core: 8
2023-09-03 22:23:59,631:INFO:Checking libraries
2023-09-03 22:23:59,631:INFO:pd==1.3.4
2023-09-03 22:23:59,631:INFO:numpy==1.20.3
2023-09-03 22:23:59,631:INFO:sklearn==0.24.2
2023-09-03 22:23:59,631:INFO:xgboost==1.7.3
2023-09-03 22:23:59,631:INFO:lightgbm==3.2.1
2023-09-03 22:23:59,631:INFO:catboost==1.0.5
2023-09-03 22:23:59,631:INFO:mlflow==1.30.0
2023-09-03 22:23:59,631:INFO:Checking Exceptions
2023-09-03 22:23:59,631:INFO:Declaring global variables
2023-09-03 22:23:59,631:INFO:USI: 82fc
2023-09-03 22:23:59,631:INFO:pycaret_globals: {'experiment__', 'html_param', '_all_models_internal', 'seed', 'exp_name_log', 'fold_generator', '_available_plots', 'X', 'gpu_param', 'fold_param', 'X_train', '_ml_usecase', 'transform_target_param', 'imputation_regressor', 'y', 'fold_groups_param', 'fold_shuffle_param', 'y_train', 'create_model_container', 'n_jobs_param', 'target_param', 'display_container', 'iterative_imputation_iters_param', '_all_models', 'transform_target_method_param', '_internal_pipeline', 'imputation_classifier', 'USI', '_all_metrics', 'pycaret_globals', 'fix_imbalance_param', 'stratify_param', 'logging_param', 'X_test', '_gpu_n_jobs_param', 'y_test', 'prep_pipe', 'log_plots_param', 'master_model_container', 'data_before_preprocess', 'fix_imbalance_method_param'}
2023-09-03 22:23:59,631:INFO:Preparing display monitor
2023-09-03 22:23:59,631:INFO:Preparing display monitor
2023-09-03 22:23:59,646:INFO:Importing libraries
2023-09-03 22:23:59,647:INFO:Copying data for preprocessing
2023-09-03 22:23:59,680:INFO:Declaring preprocessing parameters
2023-09-03 22:23:59,732:INFO:Creating preprocessing pipeline
2023-09-03 22:24:00,223:INFO:Preprocessing pipeline created successfully
2023-09-03 22:24:00,223:ERROR:(Process Exit): setup has been interupted with user command 'quit'. setup must rerun.
2023-09-03 22:24:00,223:INFO:Creating global containers
2023-09-03 22:45:32,455:INFO:PyCaret Supervised Module
2023-09-03 22:45:32,456:INFO:ML Usecase: regression
2023-09-03 22:45:32,456:INFO:version 2.2.3
2023-09-03 22:45:32,456:INFO:Initializing setup()
2023-09-03 22:45:32,456:INFO:setup(target=rain_1h, ml_usecase=regression, available_plots={'parameter': 'Hyperparameters', 'residuals': 'Residuals', 'error': 'Prediction Error', 'cooks': 'Cooks Distance', 'rfe': 'Feature Selection', 'learning': 'Learning Curve', 'manifold': 'Manifold Learning', 'vc': 'Validation Curve', 'feature': 'Feature Importance', 'feature_all': 'Feature Importance (All)', 'tree': 'Decision Tree'}, train_size=0.7, test_data=None, preprocess=True, imputation_type=simple, iterative_imputation_iters=5, categorical_features=None, categorical_imputation=constant, categorical_iterative_imputer=lightgbm, ordinal_features=None, high_cardinality_features=None, high_cardinality_method=frequency, numeric_features=None, numeric_imputation=mean, numeric_iterative_imputer=lightgbm, date_features=None, ignore_features=None, normalize=False, normalize_method=zscore, transformation=False, transformation_method=yeo-johnson, handle_unknown_categorical=True, unknown_categorical_method=least_frequent, pca=False, pca_method=linear, pca_components=None, ignore_low_variance=False, combine_rare_levels=False, rare_level_threshold=0.1, bin_numeric_features=None, remove_outliers=False, outliers_threshold=0.05, remove_multicollinearity=False, multicollinearity_threshold=0.9, remove_perfect_collinearity=True, create_clusters=False, cluster_iter=20, polynomial_features=False, polynomial_degree=2, trigonometry_features=False, polynomial_threshold=0.1, group_features=None, group_names=None, feature_selection=False, feature_selection_threshold=0.8, feature_selection_method=classic, feature_interaction=False, feature_ratio=False, interaction_threshold=0.01, fix_imbalance=False, fix_imbalance_method=None, transform_target=False, transform_target_method=box-cox, data_split_shuffle=True, data_split_stratify=False, fold_strategy=kfold, fold=10, fold_shuffle=False, fold_groups=None, n_jobs=-1, use_gpu=False, custom_pipeline=None, html=True, session_id=None, log_experiment=False, experiment_name=None, log_plots=False, log_profile=False, log_data=False, silent=False, verbose=True, profile=False, profile_kwargs=None, display=None)
2023-09-03 22:45:32,456:INFO:Checking environment
2023-09-03 22:45:32,456:INFO:python_version: 3.9.7
2023-09-03 22:45:32,456:INFO:python_build: ('default', 'Sep 16 2021 16:59:28')
2023-09-03 22:45:32,456:INFO:machine: AMD64
2023-09-03 22:45:32,456:INFO:platform: Windows-10-10.0.22621-SP0
2023-09-03 22:45:32,456:INFO:Memory: svmem(total=16867250176, available=5663895552, percent=66.4, used=11203354624, free=5663895552)
2023-09-03 22:45:32,457:INFO:Physical Core: 4
2023-09-03 22:45:32,457:INFO:Logical Core: 8
2023-09-03 22:45:32,457:INFO:Checking libraries
2023-09-03 22:45:32,457:INFO:pd==1.3.4
2023-09-03 22:45:32,457:INFO:numpy==1.20.3
2023-09-03 22:45:32,457:INFO:sklearn==0.24.2
2023-09-03 22:45:32,457:INFO:xgboost==1.7.3
2023-09-03 22:45:32,457:INFO:lightgbm==3.2.1
2023-09-03 22:45:32,457:INFO:catboost==1.0.5
2023-09-03 22:45:32,457:INFO:mlflow==1.30.0
2023-09-03 22:45:32,457:INFO:Checking Exceptions
2023-09-03 22:45:32,457:INFO:Declaring global variables
2023-09-03 22:45:32,457:INFO:USI: 2eaf
2023-09-03 22:45:32,457:INFO:pycaret_globals: {'experiment__', 'html_param', '_all_models_internal', 'seed', 'exp_name_log', 'fold_generator', '_available_plots', 'X', 'gpu_param', 'fold_param', 'X_train', '_ml_usecase', 'transform_target_param', 'imputation_regressor', 'y', 'fold_groups_param', 'fold_shuffle_param', 'y_train', 'create_model_container', 'n_jobs_param', 'target_param', 'display_container', 'iterative_imputation_iters_param', '_all_models', 'transform_target_method_param', '_internal_pipeline', 'imputation_classifier', 'USI', '_all_metrics', 'pycaret_globals', 'fix_imbalance_param', 'stratify_param', 'logging_param', 'X_test', '_gpu_n_jobs_param', 'y_test', 'prep_pipe', 'log_plots_param', 'master_model_container', 'data_before_preprocess', 'fix_imbalance_method_param'}
2023-09-03 22:45:32,457:INFO:Preparing display monitor
2023-09-03 22:45:32,457:INFO:Preparing display monitor
2023-09-03 22:45:32,472:INFO:Importing libraries
2023-09-03 22:45:32,473:INFO:Copying data for preprocessing
2023-09-03 22:45:32,508:INFO:Declaring preprocessing parameters
2023-09-03 22:45:32,561:INFO:Creating preprocessing pipeline
2023-09-03 22:45:32,964:INFO:Preprocessing pipeline created successfully
2023-09-03 22:45:32,964:ERROR:(Process Exit): setup has been interupted with user command 'quit'. setup must rerun.
2023-09-03 22:45:32,965:INFO:Creating global containers
2023-09-03 22:49:14,815:INFO:PyCaret Supervised Module
2023-09-03 22:49:14,816:INFO:ML Usecase: regression
2023-09-03 22:49:14,816:INFO:version 2.2.3
2023-09-03 22:49:14,816:INFO:Initializing setup()
2023-09-03 22:49:14,816:INFO:setup(target=rain_1h, ml_usecase=regression, available_plots={'parameter': 'Hyperparameters', 'residuals': 'Residuals', 'error': 'Prediction Error', 'cooks': 'Cooks Distance', 'rfe': 'Feature Selection', 'learning': 'Learning Curve', 'manifold': 'Manifold Learning', 'vc': 'Validation Curve', 'feature': 'Feature Importance', 'feature_all': 'Feature Importance (All)', 'tree': 'Decision Tree'}, train_size=0.7, test_data=None, preprocess=True, imputation_type=simple, iterative_imputation_iters=5, categorical_features=None, categorical_imputation=constant, categorical_iterative_imputer=lightgbm, ordinal_features=None, high_cardinality_features=None, high_cardinality_method=frequency, numeric_features=None, numeric_imputation=mean, numeric_iterative_imputer=lightgbm, date_features=None, ignore_features=None, normalize=False, normalize_method=zscore, transformation=False, transformation_method=yeo-johnson, handle_unknown_categorical=True, unknown_categorical_method=least_frequent, pca=False, pca_method=linear, pca_components=None, ignore_low_variance=False, combine_rare_levels=False, rare_level_threshold=0.1, bin_numeric_features=None, remove_outliers=False, outliers_threshold=0.05, remove_multicollinearity=False, multicollinearity_threshold=0.9, remove_perfect_collinearity=True, create_clusters=False, cluster_iter=20, polynomial_features=False, polynomial_degree=2, trigonometry_features=False, polynomial_threshold=0.1, group_features=None, group_names=None, feature_selection=False, feature_selection_threshold=0.8, feature_selection_method=classic, feature_interaction=False, feature_ratio=False, interaction_threshold=0.01, fix_imbalance=False, fix_imbalance_method=None, transform_target=False, transform_target_method=box-cox, data_split_shuffle=True, data_split_stratify=False, fold_strategy=kfold, fold=10, fold_shuffle=False, fold_groups=None, n_jobs=-1, use_gpu=False, custom_pipeline=None, html=True, session_id=None, log_experiment=False, experiment_name=None, log_plots=False, log_profile=False, log_data=False, silent=False, verbose=True, profile=False, profile_kwargs=None, display=None)
2023-09-03 22:49:14,816:INFO:Checking environment
2023-09-03 22:49:14,817:INFO:python_version: 3.9.7
2023-09-03 22:49:14,817:INFO:python_build: ('default', 'Sep 16 2021 16:59:28')
2023-09-03 22:49:14,817:INFO:machine: AMD64
2023-09-03 22:49:14,817:INFO:platform: Windows-10-10.0.22621-SP0
2023-09-03 22:49:14,818:INFO:Memory: svmem(total=16867250176, available=6861692928, percent=59.3, used=10005557248, free=6861692928)
2023-09-03 22:49:14,818:INFO:Physical Core: 4
2023-09-03 22:49:14,818:INFO:Logical Core: 8
2023-09-03 22:49:14,818:INFO:Checking libraries
2023-09-03 22:49:14,818:INFO:pd==1.3.4
2023-09-03 22:49:14,818:INFO:numpy==1.20.3
2023-09-03 22:49:14,818:INFO:sklearn==0.24.2
2023-09-03 22:49:14,862:INFO:xgboost==1.7.3
2023-09-03 22:49:14,862:INFO:lightgbm==3.2.1
2023-09-03 22:49:14,902:INFO:catboost==1.0.5
2023-09-03 22:49:15,795:INFO:mlflow==1.30.0
2023-09-03 22:49:15,795:INFO:Checking Exceptions
2023-09-03 22:49:15,796:INFO:Declaring global variables
2023-09-03 22:49:15,796:INFO:USI: c4cd
2023-09-03 22:49:15,796:INFO:pycaret_globals: {'seed', 'fold_groups_param', 'target_param', 'fold_generator', 'y', 'transform_target_method_param', 'html_param', 'pycaret_globals', 'data_before_preprocess', 'exp_name_log', 'create_model_container', 'log_plots_param', 'imputation_regressor', 'fold_param', 'iterative_imputation_iters_param', 'display_container', '_ml_usecase', 'fix_imbalance_param', 'y_train', '_all_models', 'logging_param', 'experiment__', 'n_jobs_param', 'fix_imbalance_method_param', 'USI', 'fold_shuffle_param', 'X_test', 'X_train', '_gpu_n_jobs_param', '_all_metrics', 'gpu_param', '_internal_pipeline', 'X', 'transform_target_param', 'stratify_param', 'imputation_classifier', 'master_model_container', 'y_test', '_available_plots', '_all_models_internal', 'prep_pipe'}
2023-09-03 22:49:15,796:INFO:Preparing display monitor
2023-09-03 22:49:15,796:INFO:Preparing display monitor
2023-09-03 22:49:15,808:INFO:Importing libraries
2023-09-03 22:49:15,809:INFO:Copying data for preprocessing
2023-09-03 22:49:15,827:INFO:Declaring preprocessing parameters
2023-09-03 22:49:15,873:INFO:Creating preprocessing pipeline
2023-09-03 22:49:16,278:INFO:Preprocessing pipeline created successfully
2023-09-03 22:49:16,279:ERROR:(Process Exit): setup has been interupted with user command 'quit'. setup must rerun.
2023-09-03 22:49:16,279:INFO:Creating global containers
2023-09-03 22:50:57,864:INFO:PyCaret Supervised Module
2023-09-03 22:50:57,865:INFO:ML Usecase: regression
2023-09-03 22:50:57,865:INFO:version 2.2.3
2023-09-03 22:50:57,865:INFO:Initializing setup()
2023-09-03 22:50:57,865:INFO:setup(target=rain_1h, ml_usecase=regression, available_plots={'parameter': 'Hyperparameters', 'residuals': 'Residuals', 'error': 'Prediction Error', 'cooks': 'Cooks Distance', 'rfe': 'Feature Selection', 'learning': 'Learning Curve', 'manifold': 'Manifold Learning', 'vc': 'Validation Curve', 'feature': 'Feature Importance', 'feature_all': 'Feature Importance (All)', 'tree': 'Decision Tree'}, train_size=0.7, test_data=None, preprocess=True, imputation_type=simple, iterative_imputation_iters=5, categorical_features=None, categorical_imputation=constant, categorical_iterative_imputer=lightgbm, ordinal_features=None, high_cardinality_features=None, high_cardinality_method=frequency, numeric_features=None, numeric_imputation=mean, numeric_iterative_imputer=lightgbm, date_features=None, ignore_features=None, normalize=False, normalize_method=zscore, transformation=False, transformation_method=yeo-johnson, handle_unknown_categorical=True, unknown_categorical_method=least_frequent, pca=False, pca_method=linear, pca_components=None, ignore_low_variance=False, combine_rare_levels=False, rare_level_threshold=0.1, bin_numeric_features=None, remove_outliers=False, outliers_threshold=0.05, remove_multicollinearity=False, multicollinearity_threshold=0.9, remove_perfect_collinearity=True, create_clusters=False, cluster_iter=20, polynomial_features=False, polynomial_degree=2, trigonometry_features=False, polynomial_threshold=0.1, group_features=None, group_names=None, feature_selection=False, feature_selection_threshold=0.8, feature_selection_method=classic, feature_interaction=False, feature_ratio=False, interaction_threshold=0.01, fix_imbalance=False, fix_imbalance_method=None, transform_target=False, transform_target_method=box-cox, data_split_shuffle=True, data_split_stratify=False, fold_strategy=kfold, fold=10, fold_shuffle=True, fold_groups=None, n_jobs=-1, use_gpu=False, custom_pipeline=None, html=True, session_id=None, log_experiment=False, experiment_name=None, log_plots=False, log_profile=False, log_data=False, silent=False, verbose=True, profile=False, profile_kwargs=None, display=None)
2023-09-03 22:50:57,865:INFO:Checking environment
2023-09-03 22:50:57,866:INFO:python_version: 3.9.7
2023-09-03 22:50:57,866:INFO:python_build: ('default', 'Sep 16 2021 16:59:28')
2023-09-03 22:50:57,866:INFO:machine: AMD64
2023-09-03 22:50:57,866:INFO:platform: Windows-10-10.0.22621-SP0
2023-09-03 22:50:57,866:INFO:Memory: svmem(total=16867250176, available=6342721536, percent=62.4, used=10524528640, free=6342721536)
2023-09-03 22:50:57,866:INFO:Physical Core: 4
2023-09-03 22:50:57,866:INFO:Logical Core: 8
2023-09-03 22:50:57,866:INFO:Checking libraries
2023-09-03 22:50:57,866:INFO:pd==1.3.4
2023-09-03 22:50:57,866:INFO:numpy==1.20.3
2023-09-03 22:50:57,866:INFO:sklearn==0.24.2
2023-09-03 22:50:57,867:INFO:xgboost==1.7.3
2023-09-03 22:50:57,867:INFO:lightgbm==3.2.1
2023-09-03 22:50:57,867:INFO:catboost==1.0.5
2023-09-03 22:50:57,867:INFO:mlflow==1.30.0
2023-09-03 22:50:57,867:INFO:Checking Exceptions
2023-09-03 22:50:57,867:INFO:Declaring global variables
2023-09-03 22:50:57,868:INFO:USI: 4958
2023-09-03 22:50:57,869:INFO:pycaret_globals: {'seed', 'fold_groups_param', 'target_param', 'fold_generator', 'y', 'transform_target_method_param', 'html_param', 'pycaret_globals', 'data_before_preprocess', 'exp_name_log', 'create_model_container', 'log_plots_param', 'imputation_regressor', 'fold_param', 'iterative_imputation_iters_param', 'display_container', '_ml_usecase', 'fix_imbalance_param', 'y_train', '_all_models', 'logging_param', 'experiment__', 'n_jobs_param', 'fix_imbalance_method_param', 'USI', 'fold_shuffle_param', 'X_test', 'X_train', '_gpu_n_jobs_param', '_all_metrics', 'gpu_param', '_internal_pipeline', 'X', 'transform_target_param', 'stratify_param', 'imputation_classifier', 'master_model_container', 'y_test', '_available_plots', '_all_models_internal', 'prep_pipe'}
2023-09-03 22:50:57,869:INFO:Preparing display monitor
2023-09-03 22:50:57,869:INFO:Preparing display monitor
2023-09-03 22:50:57,888:INFO:Importing libraries
2023-09-03 22:50:57,888:INFO:Copying data for preprocessing
2023-09-03 22:50:57,926:INFO:Declaring preprocessing parameters
2023-09-03 22:50:57,977:INFO:Creating preprocessing pipeline
2023-09-03 22:50:58,488:INFO:Preprocessing pipeline created successfully
2023-09-03 22:50:58,489:ERROR:(Process Exit): setup has been interupted with user command 'quit'. setup must rerun.
2023-09-03 22:50:58,489:INFO:Creating global containers
2023-09-03 22:50:58,492:INFO:Internal pipeline: Pipeline(memory=None, steps=[('empty_step', 'passthrough')], verbose=False)
2023-09-03 22:51:13,815:INFO:Creating grid variables
2023-09-03 22:51:13,835:INFO:create_model_container: 0
2023-09-03 22:51:13,837:INFO:master_model_container: 0
2023-09-03 22:51:13,837:INFO:display_container: 1
2023-09-03 22:51:42,748:INFO:PyCaret Supervised Module
2023-09-03 22:51:42,749:INFO:ML Usecase: regression
2023-09-03 22:51:42,750:INFO:version 2.2.3
2023-09-03 22:51:42,750:INFO:Initializing setup()
2023-09-03 22:51:42,750:INFO:setup(target=rain_1h, ml_usecase=regression, available_plots={'parameter': 'Hyperparameters', 'residuals': 'Residuals', 'error': 'Prediction Error', 'cooks': 'Cooks Distance', 'rfe': 'Feature Selection', 'learning': 'Learning Curve', 'manifold': 'Manifold Learning', 'vc': 'Validation Curve', 'feature': 'Feature Importance', 'feature_all': 'Feature Importance (All)', 'tree': 'Decision Tree'}, train_size=0.7, test_data=None, preprocess=True, imputation_type=simple, iterative_imputation_iters=5, categorical_features=None, categorical_imputation=constant, categorical_iterative_imputer=lightgbm, ordinal_features=None, high_cardinality_features=None, high_cardinality_method=frequency, numeric_features=None, numeric_imputation=mean, numeric_iterative_imputer=lightgbm, date_features=None, ignore_features=None, normalize=False, normalize_method=zscore, transformation=False, transformation_method=yeo-johnson, handle_unknown_categorical=True, unknown_categorical_method=least_frequent, pca=False, pca_method=linear, pca_components=None, ignore_low_variance=False, combine_rare_levels=False, rare_level_threshold=0.1, bin_numeric_features=None, remove_outliers=False, outliers_threshold=0.05, remove_multicollinearity=False, multicollinearity_threshold=0.9, remove_perfect_collinearity=True, create_clusters=False, cluster_iter=20, polynomial_features=False, polynomial_degree=2, trigonometry_features=False, polynomial_threshold=0.1, group_features=None, group_names=None, feature_selection=False, feature_selection_threshold=0.8, feature_selection_method=classic, feature_interaction=False, feature_ratio=False, interaction_threshold=0.01, fix_imbalance=False, fix_imbalance_method=None, transform_target=False, transform_target_method=box-cox, data_split_shuffle=True, data_split_stratify=False, fold_strategy=kfold, fold=10, fold_shuffle=True, fold_groups=None, n_jobs=-1, use_gpu=False, custom_pipeline=None, html=True, session_id=None, log_experiment=False, experiment_name=None, log_plots=False, log_profile=False, log_data=False, silent=False, verbose=True, profile=False, profile_kwargs=None, display=None)
2023-09-03 22:51:42,750:INFO:Checking environment
2023-09-03 22:51:42,750:INFO:python_version: 3.9.7
2023-09-03 22:51:42,750:INFO:python_build: ('default', 'Sep 16 2021 16:59:28')
2023-09-03 22:51:42,750:INFO:machine: AMD64
2023-09-03 22:51:42,750:INFO:platform: Windows-10-10.0.22621-SP0
2023-09-03 22:51:42,750:INFO:Memory: svmem(total=16867250176, available=6165934080, percent=63.4, used=10701316096, free=6165934080)
2023-09-03 22:51:42,750:INFO:Physical Core: 4
2023-09-03 22:51:42,750:INFO:Logical Core: 8
2023-09-03 22:51:42,750:INFO:Checking libraries
2023-09-03 22:51:42,751:INFO:pd==1.3.4
2023-09-03 22:51:42,751:INFO:numpy==1.20.3
2023-09-03 22:51:42,751:INFO:sklearn==0.24.2
2023-09-03 22:51:42,751:INFO:xgboost==1.7.3
2023-09-03 22:51:42,751:INFO:lightgbm==3.2.1
2023-09-03 22:51:42,751:INFO:catboost==1.0.5
2023-09-03 22:51:42,751:INFO:mlflow==1.30.0
2023-09-03 22:51:42,751:INFO:Checking Exceptions
2023-09-03 22:51:42,752:INFO:Declaring global variables
2023-09-03 22:51:42,752:INFO:USI: 1401
2023-09-03 22:51:42,752:INFO:pycaret_globals: {'seed', 'fold_groups_param', 'target_param', 'fold_generator', 'y', 'transform_target_method_param', 'html_param', 'pycaret_globals', 'data_before_preprocess', 'exp_name_log', 'create_model_container', 'log_plots_param', 'imputation_regressor', 'fold_param', 'iterative_imputation_iters_param', 'display_container', '_ml_usecase', 'fix_imbalance_param', 'y_train', '_all_models', 'logging_param', 'experiment__', 'n_jobs_param', 'fix_imbalance_method_param', 'USI', 'fold_shuffle_param', 'X_test', 'X_train', '_gpu_n_jobs_param', '_all_metrics', 'gpu_param', '_internal_pipeline', 'X', 'transform_target_param', 'stratify_param', 'imputation_classifier', 'master_model_container', 'y_test', '_available_plots', '_all_models_internal', 'prep_pipe'}
2023-09-03 22:51:42,752:INFO:Preparing display monitor
2023-09-03 22:51:42,752:INFO:Preparing display monitor
2023-09-03 22:51:42,763:INFO:Importing libraries
2023-09-03 22:51:42,763:INFO:Copying data for preprocessing
2023-09-03 22:51:42,793:INFO:Declaring preprocessing parameters
2023-09-03 22:51:42,846:INFO:Creating preprocessing pipeline
2023-09-03 22:51:43,250:INFO:Preprocessing pipeline created successfully
2023-09-03 22:51:43,251:ERROR:(Process Exit): setup has been interupted with user command 'quit'. setup must rerun.
2023-09-03 22:51:43,251:INFO:Creating global containers
2023-09-03 22:51:43,251:INFO:Internal pipeline: Pipeline(memory=None, steps=[('empty_step', 'passthrough')], verbose=False)
2023-09-03 22:51:59,592:INFO:Creating grid variables
2023-09-03 22:51:59,629:INFO:create_model_container: 0
2023-09-03 22:51:59,629:INFO:master_model_container: 0
2023-09-03 22:51:59,629:INFO:display_container: 1
2023-09-03 22:55:58,073:INFO:PyCaret Supervised Module
2023-09-03 22:55:58,073:INFO:ML Usecase: regression
2023-09-03 22:55:58,075:INFO:version 2.2.3
2023-09-03 22:55:58,075:INFO:Initializing setup()
2023-09-03 22:55:58,075:INFO:setup(target=rain_1h, ml_usecase=regression, available_plots={'parameter': 'Hyperparameters', 'residuals': 'Residuals', 'error': 'Prediction Error', 'cooks': 'Cooks Distance', 'rfe': 'Feature Selection', 'learning': 'Learning Curve', 'manifold': 'Manifold Learning', 'vc': 'Validation Curve', 'feature': 'Feature Importance', 'feature_all': 'Feature Importance (All)', 'tree': 'Decision Tree'}, train_size=0.7, test_data=None, preprocess=True, imputation_type=iterative, iterative_imputation_iters=5, categorical_features=None, categorical_imputation=constant, categorical_iterative_imputer=lightgbm, ordinal_features=None, high_cardinality_features=None, high_cardinality_method=frequency, numeric_features=None, numeric_imputation=mean, numeric_iterative_imputer=lightgbm, date_features=None, ignore_features=None, normalize=False, normalize_method=zscore, transformation=False, transformation_method=yeo-johnson, handle_unknown_categorical=True, unknown_categorical_method=least_frequent, pca=False, pca_method=linear, pca_components=None, ignore_low_variance=False, combine_rare_levels=False, rare_level_threshold=0.1, bin_numeric_features=None, remove_outliers=False, outliers_threshold=0.05, remove_multicollinearity=False, multicollinearity_threshold=0.9, remove_perfect_collinearity=True, create_clusters=False, cluster_iter=20, polynomial_features=False, polynomial_degree=2, trigonometry_features=False, polynomial_threshold=0.1, group_features=None, group_names=None, feature_selection=False, feature_selection_threshold=0.8, feature_selection_method=classic, feature_interaction=False, feature_ratio=False, interaction_threshold=0.01, fix_imbalance=False, fix_imbalance_method=None, transform_target=False, transform_target_method=box-cox, data_split_shuffle=True, data_split_stratify=False, fold_strategy=kfold, fold=10, fold_shuffle=True, fold_groups=None, n_jobs=-1, use_gpu=False, custom_pipeline=None, html=True, session_id=None, log_experiment=False, experiment_name=None, log_plots=False, log_profile=False, log_data=False, silent=False, verbose=True, profile=False, profile_kwargs=None, display=None)
2023-09-03 22:55:58,075:INFO:Checking environment
2023-09-03 22:55:58,075:INFO:python_version: 3.9.7
2023-09-03 22:55:58,076:INFO:python_build: ('default', 'Sep 16 2021 16:59:28')
2023-09-03 22:55:58,076:INFO:machine: AMD64
2023-09-03 22:55:58,076:INFO:platform: Windows-10-10.0.22621-SP0
2023-09-03 22:55:58,077:INFO:Memory: svmem(total=16867250176, available=4570423296, percent=72.9, used=12296826880, free=4570423296)
2023-09-03 22:55:58,077:INFO:Physical Core: 4
2023-09-03 22:55:58,077:INFO:Logical Core: 8
2023-09-03 22:55:58,077:INFO:Checking libraries
2023-09-03 22:55:58,077:INFO:pd==1.3.4
2023-09-03 22:55:58,077:INFO:numpy==1.20.3
2023-09-03 22:55:58,077:INFO:sklearn==0.24.2
2023-09-03 22:55:58,077:INFO:xgboost==1.7.3
2023-09-03 22:55:58,077:INFO:lightgbm==3.2.1
2023-09-03 22:55:58,077:INFO:catboost==1.0.5
2023-09-03 22:55:58,078:INFO:mlflow==1.30.0
2023-09-03 22:55:58,078:INFO:Checking Exceptions
2023-09-03 22:55:58,078:INFO:Declaring global variables
2023-09-03 22:55:58,078:INFO:USI: a965
2023-09-03 22:55:58,078:INFO:pycaret_globals: {'seed', 'fold_groups_param', 'target_param', 'fold_generator', 'y', 'transform_target_method_param', 'html_param', 'pycaret_globals', 'data_before_preprocess', 'exp_name_log', 'create_model_container', 'log_plots_param', 'imputation_regressor', 'fold_param', 'iterative_imputation_iters_param', 'display_container', '_ml_usecase', 'fix_imbalance_param', 'y_train', '_all_models', 'logging_param', 'experiment__', 'n_jobs_param', 'fix_imbalance_method_param', 'USI', 'fold_shuffle_param', 'X_test', 'X_train', '_gpu_n_jobs_param', '_all_metrics', 'gpu_param', '_internal_pipeline', 'X', 'transform_target_param', 'stratify_param', 'imputation_classifier', 'master_model_container', 'y_test', '_available_plots', '_all_models_internal', 'prep_pipe'}
2023-09-03 22:55:58,078:INFO:Preparing display monitor
2023-09-03 22:55:58,078:INFO:Preparing display monitor
2023-09-03 22:55:58,097:INFO:Importing libraries
2023-09-03 22:55:58,098:INFO:Copying data for preprocessing
2023-09-03 22:55:58,135:INFO:Declaring preprocessing parameters
2023-09-03 22:55:58,188:INFO:Setting up iterative imputation
2023-09-03 22:55:58,580:INFO:Creating preprocessing pipeline
2023-09-03 22:55:59,440:INFO:Preprocessing pipeline created successfully
2023-09-03 22:55:59,441:ERROR:(Process Exit): setup has been interupted with user command 'quit'. setup must rerun.
2023-09-03 22:55:59,441:INFO:Creating global containers
2023-09-03 22:55:59,441:INFO:Internal pipeline: Pipeline(memory=None, steps=[('empty_step', 'passthrough')], verbose=False)
2023-09-03 22:56:12,096:INFO:Creating grid variables
2023-09-03 22:56:12,119:INFO:create_model_container: 0
2023-09-03 22:56:12,119:INFO:master_model_container: 0
2023-09-03 22:56:12,119:INFO:display_container: 1
